<?xml version="1.0" encoding="UTF-8" ?>
<testsuite errors="4" failures="0" hostname="localhost" name="Remove Researcher" tests="4" time="7.189" timestamp="2016-11-08T02:43:06">
  <properties />
  <testcase classname="grails.plugin.cucumber.CucumberTest" name="Remover vários pesquisadores" time="1.148">
    <error message="failed to create driver from callback &apos;script14785729912111826157144$_run_closure1_closure2_closure5@7df556a2&apos;" type="geb.driver.DriverCreationException">geb.driver.DriverCreationException: failed to create driver from callback &apos;script14785729912111826157144$_run_closure1_closure2_closure5@7df556a2&apos;
	at geb.driver.CallbackDriverFactory.getDriver(CallbackDriverFactory.groovy:35)
	at geb.driver.CachingDriverFactory$_getDriver_closure3.doCall(CachingDriverFactory.groovy:80)
	at geb.driver.CachingDriverFactory$SimpleCache.get(CachingDriverFactory.groovy:30)
	at geb.driver.CachingDriverFactory.getDriver(CachingDriverFactory.groovy:79)
	at geb.Configuration.createDriver(Configuration.groovy:354)
	at geb.Configuration.getDriver(Configuration.groovy:343)
	at geb.Browser.getDriver(Browser.groovy:105)
	at geb.Page.getTitle(Page.groovy:224)
	at pages.removePage$__clinit__closure1.doCall(removePage.groovy:11)
	at geb.Page.verifyThisPageAtOnly(Page.groovy:165)
	at geb.Page.verifyAt(Page.groovy:133)
	at geb.Browser.doAt(Browser.groovy:358)
	at geb.Browser.at(Browser.groovy:289)
	at geb.binding.BindingUpdater$InvocationForwarding.doCall(BindingUpdater.groovy:72)
	at steps.RemoveResearcher$_run_closure2.doCall(RemoveResearcher.groovy:32)
	at ✽.When Eu seleciono na lista os pesquisadores de CPF &quot;01234567890&quot; e &quot;98765432100&quot;(RemoveResearcher.feature:9)
Caused by: java.lang.IllegalStateException: The driver is not executable: /Users/ajgan/IdeaProjects/RPA/chromedrivers/mac/.DS_Store
	at com.google.common.base.Preconditions.checkState(Preconditions.java:177)
	at org.openqa.selenium.remote.service.DriverService.checkExecutable(DriverService.java:121)
	at org.openqa.selenium.remote.service.DriverService.findExecutable(DriverService.java:112)
	at org.openqa.selenium.chrome.ChromeDriverService.createDefaultService(ChromeDriverService.java:75)
	at org.openqa.selenium.chrome.ChromeDriver.&lt;init&gt;(ChromeDriver.java:107)
	at script14785729912111826157144$_run_closure1_closure2_closure5.doCall(script14785729912111826157144.groovy:16)
	at geb.driver.CallbackDriverFactory.getDriver(CallbackDriverFactory.groovy:29)
	at geb.driver.CachingDriverFactory$_getDriver_closure3.doCall(CachingDriverFactory.groovy:80)
	at geb.driver.CachingDriverFactory$SimpleCache.get(CachingDriverFactory.groovy:30)
	at geb.driver.CachingDriverFactory.getDriver(CachingDriverFactory.groovy:79)
	at geb.Configuration.createDriver(Configuration.groovy:354)
	at geb.Configuration.getDriver(Configuration.groovy:343)
	at geb.Browser.getDriver(Browser.groovy:105)
	at geb.Page.getTitle(Page.groovy:224)
	at pages.removePage$__clinit__closure1.doCall(removePage.groovy:11)
	at geb.Page.verifyThisPageAtOnly(Page.groovy:165)
	at geb.Page.verifyAt(Page.groovy:133)
	at geb.Browser.doAt(Browser.groovy:358)
	at geb.Browser.at(Browser.groovy:289)
	at geb.binding.BindingUpdater$InvocationForwarding.doCall(BindingUpdater.groovy:72)
	at steps.RemoveResearcher$_run_closure2.doCall(RemoveResearcher.groovy:32)
	at cucumber.runtime.groovy.GroovyBackend.invoke(GroovyBackend.java:155)
	at cucumber.runtime.groovy.GroovyStepDefinition$1.call(GroovyStepDefinition.java:71)
	at cucumber.runtime.Timeout.timeout(Timeout.java:13)
	at cucumber.runtime.groovy.GroovyStepDefinition.execute(GroovyStepDefinition.java:68)
	at cucumber.runtime.StepDefinitionMatch.runStep(StepDefinitionMatch.java:37)
	at cucumber.runtime.Runtime.runStep(Runtime.java:298)
	at cucumber.runtime.model.StepContainer.runStep(StepContainer.java:44)
	at cucumber.runtime.model.StepContainer.runSteps(StepContainer.java:39)
	at cucumber.runtime.model.CucumberScenario.run(CucumberScenario.java:48)
	at cucumber.runtime.model.CucumberFeature.run(CucumberFeature.java:163)
	at grails.plugin.cucumber.Cucumber$_run_closure2.doCall(Cucumber.groovy:59)
	at grails.plugin.cucumber.Cucumber.run(Cucumber.groovy:58)
	at grails.plugin.cucumber.CucumberTestType.runFeatures(CucumberTestType.groovy:148)
	at grails.plugin.cucumber.CucumberTestType.doRun(CucumberTestType.groovy:58)
	at _GrailsTest$_run_closure1.doCall(_GrailsTest.groovy:102)
	at TestApp$_run_closure1.doCall(TestApp.groovy:32)
	at com.intellij.rt.execution.application.AppMain.main(AppMain.java:147)
</error>
  </testcase>
  <testcase classname="grails.plugin.cucumber.CucumberTest" name="Remover pesquisador que faz parte de pelo menos um grupo" time="0.21">
    <error message="Hibernate operation: could not prepare statement; bad SQL grammar [select this_.id as id1_1_0_, this_.version as version2_1_0_, this_.name as name3_1_0_ from group this_ where this_.name=? limit ?]; nested exception is org.h2.jdbc.JdbcSQLException: Syntax error in SQL statement &quot;SELECT THIS_.ID AS ID1_1_0_, THIS_.VERSION AS VERSION2_1_0_, THIS_.NAME AS NAME3_1_0_ FROM GROUP[*] THIS_ WHERE THIS_.NAME=? LIMIT ? &quot;; expected &quot;identifier&quot;; SQL statement:&#xa;select this_.id as id1_1_0_, this_.version as version2_1_0_, this_.name as name3_1_0_ from group this_ where this_.name=? limit ? [42001-176]" type="org.springframework.jdbc.BadSqlGrammarException">org.springframework.jdbc.BadSqlGrammarException: Hibernate operation: could not prepare statement; bad SQL grammar [select this_.id as id1_1_0_, this_.version as version2_1_0_, this_.name as name3_1_0_ from group this_ where this_.name=? limit ?]; nested exception is org.h2.jdbc.JdbcSQLException: Syntax error in SQL statement &quot;SELECT THIS_.ID AS ID1_1_0_, THIS_.VERSION AS VERSION2_1_0_, THIS_.NAME AS NAME3_1_0_ FROM GROUP[*] THIS_ WHERE THIS_.NAME=? LIMIT ? &quot;; expected &quot;identifier&quot;; SQL statement:
select this_.id as id1_1_0_, this_.version as version2_1_0_, this_.name as name3_1_0_ from group this_ where this_.name=? limit ? [42001-176]
	at org.grails.datastore.gorm.GormStaticApi.methodMissing(GormStaticApi.groovy:104)
	at steps.RemoveResearcher$_run_closure5.doCall(RemoveResearcher.groovy:49)
	at ✽.Given O pesquisador de CPF &quot;12345678900&quot; está cadastrado e pertence apenas aos grupos &quot;CIN&quot; e &quot;CC&quot;(RemoveResearcher.feature:15)
Caused by: org.h2.jdbc.JdbcSQLException: Syntax error in SQL statement &quot;SELECT THIS_.ID AS ID1_1_0_, THIS_.VERSION AS VERSION2_1_0_, THIS_.NAME AS NAME3_1_0_ FROM GROUP[*] THIS_ WHERE THIS_.NAME=? LIMIT ? &quot;; expected &quot;identifier&quot;; SQL statement:
select this_.id as id1_1_0_, this_.version as version2_1_0_, this_.name as name3_1_0_ from group this_ where this_.name=? limit ? [42001-176]
	at org.h2.message.DbException.getJdbcSQLException(DbException.java:344)
	at org.h2.message.DbException.getSyntaxError(DbException.java:204)
	at org.h2.command.Parser.readIdentifierWithSchema(Parser.java:3024)
	at org.h2.command.Parser.readTableFilter(Parser.java:1185)
	at org.h2.command.Parser.parseSelectSimpleFromPart(Parser.java:1859)
	at org.h2.command.Parser.parseSelectSimple(Parser.java:1968)
	at org.h2.command.Parser.parseSelectSub(Parser.java:1853)
	at org.h2.command.Parser.parseSelectUnion(Parser.java:1674)
	at org.h2.command.Parser.parseSelect(Parser.java:1662)
	at org.h2.command.Parser.parsePrepared(Parser.java:434)
	at org.h2.command.Parser.parse(Parser.java:306)
	at org.h2.command.Parser.parse(Parser.java:278)
	at org.h2.command.Parser.prepareCommand(Parser.java:243)
	at org.h2.engine.Session.prepareLocal(Session.java:442)
	at org.h2.engine.Session.prepareCommand(Session.java:384)
	at org.h2.jdbc.JdbcConnection.prepareCommand(JdbcConnection.java:1188)
	at org.h2.jdbc.JdbcPreparedStatement.&lt;init&gt;(JdbcPreparedStatement.java:73)
	at org.h2.jdbc.JdbcConnection.prepareStatement(JdbcConnection.java:276)
	at org.grails.datastore.gorm.GormStaticApi.methodMissing(GormStaticApi.groovy:104)
	at steps.RemoveResearcher$_run_closure5.doCall(RemoveResearcher.groovy:49)
	at cucumber.runtime.groovy.GroovyBackend.invoke(GroovyBackend.java:155)
	at cucumber.runtime.groovy.GroovyStepDefinition$1.call(GroovyStepDefinition.java:71)
	at cucumber.runtime.Timeout.timeout(Timeout.java:13)
	at cucumber.runtime.groovy.GroovyStepDefinition.execute(GroovyStepDefinition.java:68)
	at cucumber.runtime.StepDefinitionMatch.runStep(StepDefinitionMatch.java:37)
	at cucumber.runtime.Runtime.runStep(Runtime.java:298)
	at cucumber.runtime.model.StepContainer.runStep(StepContainer.java:44)
	at cucumber.runtime.model.StepContainer.runSteps(StepContainer.java:39)
	at cucumber.runtime.model.CucumberScenario.run(CucumberScenario.java:48)
	at cucumber.runtime.model.CucumberFeature.run(CucumberFeature.java:163)
	at grails.plugin.cucumber.Cucumber$_run_closure2.doCall(Cucumber.groovy:59)
	at grails.plugin.cucumber.Cucumber.run(Cucumber.groovy:58)
	at grails.plugin.cucumber.CucumberTestType.runFeatures(CucumberTestType.groovy:148)
	at grails.plugin.cucumber.CucumberTestType.doRun(CucumberTestType.groovy:58)
	at _GrailsTest$_run_closure1.doCall(_GrailsTest.groovy:102)
	at TestApp$_run_closure1.doCall(TestApp.groovy:32)
	at com.intellij.rt.execution.application.AppMain.main(AppMain.java:147)
</error>
  </testcase>
  <testcase classname="grails.plugin.cucumber.CucumberTest" name="Tentar remover pesquisador sem selecionar ninguém" time="0.184">
    <error message="failed to create driver from callback &apos;script14785729928481826157144$_run_closure1_closure2_closure5@7a3a34b7&apos;" type="geb.driver.DriverCreationException">geb.driver.DriverCreationException: failed to create driver from callback &apos;script14785729928481826157144$_run_closure1_closure2_closure5@7a3a34b7&apos;
	at geb.driver.CallbackDriverFactory.getDriver(CallbackDriverFactory.groovy:35)
	at geb.driver.CachingDriverFactory$_getDriver_closure3.doCall(CachingDriverFactory.groovy:80)
	at geb.driver.CachingDriverFactory$SimpleCache.get(CachingDriverFactory.groovy:30)
	at geb.driver.CachingDriverFactory.getDriver(CachingDriverFactory.groovy:79)
	at geb.Configuration.createDriver(Configuration.groovy:354)
	at geb.Configuration.getDriver(Configuration.groovy:343)
	at geb.Browser.getDriver(Browser.groovy:105)
	at geb.Browser.go(Browser.groovy:394)
	at geb.Page.to(Page.groovy:184)
	at geb.Browser.via(Browser.groovy:475)
	at geb.Browser.to(Browser.groovy:434)
	at geb.Browser.to(Browser.groovy:412)
	at geb.binding.BindingUpdater$InvocationForwarding.doCall(BindingUpdater.groovy:72)
	at steps.RemoveResearcher$_run_closure8.doCall(RemoveResearcher.groovy:91)
	at ✽.Given Estou na tela de remoção de pesquisador(RemoveResearcher.feature:21)
Caused by: java.lang.IllegalStateException: The driver is not executable: /Users/ajgan/IdeaProjects/RPA/chromedrivers/mac/.DS_Store
	at com.google.common.base.Preconditions.checkState(Preconditions.java:177)
	at org.openqa.selenium.remote.service.DriverService.checkExecutable(DriverService.java:121)
	at org.openqa.selenium.remote.service.DriverService.findExecutable(DriverService.java:112)
	at org.openqa.selenium.chrome.ChromeDriverService.createDefaultService(ChromeDriverService.java:75)
	at org.openqa.selenium.chrome.ChromeDriver.&lt;init&gt;(ChromeDriver.java:107)
	at script14785729928481826157144$_run_closure1_closure2_closure5.doCall(script14785729928481826157144.groovy:16)
	at geb.driver.CallbackDriverFactory.getDriver(CallbackDriverFactory.groovy:29)
	at geb.driver.CachingDriverFactory$_getDriver_closure3.doCall(CachingDriverFactory.groovy:80)
	at geb.driver.CachingDriverFactory$SimpleCache.get(CachingDriverFactory.groovy:30)
	at geb.driver.CachingDriverFactory.getDriver(CachingDriverFactory.groovy:79)
	at geb.Configuration.createDriver(Configuration.groovy:354)
	at geb.Configuration.getDriver(Configuration.groovy:343)
	at geb.Browser.getDriver(Browser.groovy:105)
	at geb.Browser.go(Browser.groovy:394)
	at geb.Page.to(Page.groovy:184)
	at geb.Browser.via(Browser.groovy:475)
	at geb.Browser.to(Browser.groovy:434)
	at geb.Browser.to(Browser.groovy:412)
	at geb.binding.BindingUpdater$InvocationForwarding.doCall(BindingUpdater.groovy:72)
	at steps.RemoveResearcher$_run_closure8.doCall(RemoveResearcher.groovy:91)
	at cucumber.runtime.groovy.GroovyBackend.invoke(GroovyBackend.java:155)
	at cucumber.runtime.groovy.GroovyStepDefinition$1.call(GroovyStepDefinition.java:71)
	at cucumber.runtime.Timeout.timeout(Timeout.java:13)
	at cucumber.runtime.groovy.GroovyStepDefinition.execute(GroovyStepDefinition.java:68)
	at cucumber.runtime.StepDefinitionMatch.runStep(StepDefinitionMatch.java:37)
	at cucumber.runtime.Runtime.runStep(Runtime.java:298)
	at cucumber.runtime.model.StepContainer.runStep(StepContainer.java:44)
	at cucumber.runtime.model.StepContainer.runSteps(StepContainer.java:39)
	at cucumber.runtime.model.CucumberScenario.run(CucumberScenario.java:48)
	at cucumber.runtime.model.CucumberFeature.run(CucumberFeature.java:163)
	at grails.plugin.cucumber.Cucumber$_run_closure2.doCall(Cucumber.groovy:59)
	at grails.plugin.cucumber.Cucumber.run(Cucumber.groovy:58)
	at grails.plugin.cucumber.CucumberTestType.runFeatures(CucumberTestType.groovy:148)
	at grails.plugin.cucumber.CucumberTestType.doRun(CucumberTestType.groovy:58)
	at _GrailsTest$_run_closure1.doCall(_GrailsTest.groovy:102)
	at TestApp$_run_closure1.doCall(TestApp.groovy:32)
	at com.intellij.rt.execution.application.AppMain.main(AppMain.java:147)
</error>
  </testcase>
  <testcase classname="grails.plugin.cucumber.CucumberTest" name="Tentar remover pesquisador informando um CPF inválido" time="0.038">
    <error message="failed to create driver from callback &apos;script14785729930681826157144$_run_closure1_closure2_closure5@4b58c33d&apos;" type="geb.driver.DriverCreationException">geb.driver.DriverCreationException: failed to create driver from callback &apos;script14785729930681826157144$_run_closure1_closure2_closure5@4b58c33d&apos;
	at geb.driver.CallbackDriverFactory.getDriver(CallbackDriverFactory.groovy:35)
	at geb.driver.CachingDriverFactory$_getDriver_closure3.doCall(CachingDriverFactory.groovy:80)
	at geb.driver.CachingDriverFactory$SimpleCache.get(CachingDriverFactory.groovy:30)
	at geb.driver.CachingDriverFactory.getDriver(CachingDriverFactory.groovy:79)
	at geb.Configuration.createDriver(Configuration.groovy:354)
	at geb.Configuration.getDriver(Configuration.groovy:343)
	at geb.Browser.getDriver(Browser.groovy:105)
	at geb.Browser.go(Browser.groovy:394)
	at geb.Page.to(Page.groovy:184)
	at geb.Browser.via(Browser.groovy:475)
	at geb.Browser.to(Browser.groovy:434)
	at geb.Browser.to(Browser.groovy:412)
	at geb.binding.BindingUpdater$InvocationForwarding.doCall(BindingUpdater.groovy:72)
	at steps.RemoveResearcher$_run_closure8.doCall(RemoveResearcher.groovy:91)
	at ✽.Given Estou na tela de remoção de pesquisador(RemoveResearcher.feature:28)
Caused by: java.lang.IllegalStateException: The driver is not executable: /Users/ajgan/IdeaProjects/RPA/chromedrivers/mac/.DS_Store
	at com.google.common.base.Preconditions.checkState(Preconditions.java:177)
	at org.openqa.selenium.remote.service.DriverService.checkExecutable(DriverService.java:121)
	at org.openqa.selenium.remote.service.DriverService.findExecutable(DriverService.java:112)
	at org.openqa.selenium.chrome.ChromeDriverService.createDefaultService(ChromeDriverService.java:75)
	at org.openqa.selenium.chrome.ChromeDriver.&lt;init&gt;(ChromeDriver.java:107)
	at script14785729930681826157144$_run_closure1_closure2_closure5.doCall(script14785729930681826157144.groovy:16)
	at geb.driver.CallbackDriverFactory.getDriver(CallbackDriverFactory.groovy:29)
	at geb.driver.CachingDriverFactory$_getDriver_closure3.doCall(CachingDriverFactory.groovy:80)
	at geb.driver.CachingDriverFactory$SimpleCache.get(CachingDriverFactory.groovy:30)
	at geb.driver.CachingDriverFactory.getDriver(CachingDriverFactory.groovy:79)
	at geb.Configuration.createDriver(Configuration.groovy:354)
	at geb.Configuration.getDriver(Configuration.groovy:343)
	at geb.Browser.getDriver(Browser.groovy:105)
	at geb.Browser.go(Browser.groovy:394)
	at geb.Page.to(Page.groovy:184)
	at geb.Browser.via(Browser.groovy:475)
	at geb.Browser.to(Browser.groovy:434)
	at geb.Browser.to(Browser.groovy:412)
	at geb.binding.BindingUpdater$InvocationForwarding.doCall(BindingUpdater.groovy:72)
	at steps.RemoveResearcher$_run_closure8.doCall(RemoveResearcher.groovy:91)
	at cucumber.runtime.groovy.GroovyBackend.invoke(GroovyBackend.java:155)
	at cucumber.runtime.groovy.GroovyStepDefinition$1.call(GroovyStepDefinition.java:71)
	at cucumber.runtime.Timeout.timeout(Timeout.java:13)
	at cucumber.runtime.groovy.GroovyStepDefinition.execute(GroovyStepDefinition.java:68)
	at cucumber.runtime.StepDefinitionMatch.runStep(StepDefinitionMatch.java:37)
	at cucumber.runtime.Runtime.runStep(Runtime.java:298)
	at cucumber.runtime.model.StepContainer.runStep(StepContainer.java:44)
	at cucumber.runtime.model.StepContainer.runSteps(StepContainer.java:39)
	at cucumber.runtime.model.CucumberScenario.run(CucumberScenario.java:48)
	at cucumber.runtime.model.CucumberFeature.run(CucumberFeature.java:163)
	at grails.plugin.cucumber.Cucumber$_run_closure2.doCall(Cucumber.groovy:59)
	at grails.plugin.cucumber.Cucumber.run(Cucumber.groovy:58)
	at grails.plugin.cucumber.CucumberTestType.runFeatures(CucumberTestType.groovy:148)
	at grails.plugin.cucumber.CucumberTestType.doRun(CucumberTestType.groovy:58)
	at _GrailsTest$_run_closure1.doCall(_GrailsTest.groovy:102)
	at TestApp$_run_closure1.doCall(TestApp.groovy:32)
	at com.intellij.rt.execution.application.AppMain.main(AppMain.java:147)
</error>
  </testcase>
  <system-out><![CDATA[Feature: Remove Researcher
  As a User
  I want to Remove Researchers
  So that I can delete data from unwanted researchers

--Output from Remover vários pesquisadores--
--Output from Remover pesquisador que faz parte de pelo menos um grupo--
  #CONTROLLER
  Scenario: Remover vários pesquisadores                                                               # RemoveResearcher.feature:7
    Given Os pesquisadores de CPF "01234567890" e "98765432100" estão cadastrados                      # RemoveResearcher.groovy:16
    When Eu seleciono na lista os pesquisadores de CPF "01234567890" e "98765432100"                   # RemoveResearcher.groovy:31
      geb.driver.DriverCreationException: failed to create driver from callback 'script14785729912111826157144$_run_closure1_closure2_closure5@7df556a2'
      	at geb.driver.CallbackDriverFactory.getDriver(CallbackDriverFactory.groovy:35)
      	at geb.driver.CachingDriverFactory$_getDriver_closure3.doCall(CachingDriverFactory.groovy:80)
      	at geb.driver.CachingDriverFactory$_getDriver_closure3.doCall(CachingDriverFactory.groovy)
      	at geb.driver.CachingDriverFactory$SimpleCache.get(CachingDriverFactory.groovy:30)
      	at geb.driver.CachingDriverFactory.getDriver(CachingDriverFactory.groovy:79)
      	at geb.Configuration.createDriver(Configuration.groovy:354)
      	at geb.Configuration.getDriver(Configuration.groovy:343)
      	at geb.Browser.getDriver(Browser.groovy:105)
      	at geb.Page.getTitle(Page.groovy:224)
      	at geb.Page.getProperty(Page.groovy)
      	at pages.removePage$__clinit__closure1.doCall(removePage.groovy:11)
      	at pages.removePage$__clinit__closure1.doCall(removePage.groovy)
      	at geb.Page.verifyThisPageAtOnly(Page.groovy:165)
      	at geb.Page.verifyAt(Page.groovy:133)
      	at geb.Page$verifyAt$0.call(Unknown Source)
      	at geb.Browser.doAt(Browser.groovy:358)
      	at geb.Browser.this$2$doAt(Browser.groovy)
      	at geb.Browser$this$2$doAt$0.callCurrent(Unknown Source)
      	at geb.Browser.at(Browser.groovy:289)
      	at geb.binding.BindingUpdater$InvocationForwarding.doCall(BindingUpdater.groovy:72)
      	at steps.RemoveResearcher$_run_closure2.doCall(RemoveResearcher.groovy:32)
      	at ✽.When Eu seleciono na lista os pesquisadores de CPF "01234567890" e "98765432100"(RemoveResearcher.feature:9)
      Caused by: java.lang.IllegalStateException: The driver is not executable: /Users/ajgan/IdeaProjects/RPA/chromedrivers/mac/.DS_Store
      	at com.google.common.base.Preconditions.checkState(Preconditions.java:177)
      	at org.openqa.selenium.remote.service.DriverService.checkExecutable(DriverService.java:121)
      	at org.openqa.selenium.remote.service.DriverService.findExecutable(DriverService.java:112)
      	at org.openqa.selenium.chrome.ChromeDriverService.createDefaultService(ChromeDriverService.java:75)
      	at org.openqa.selenium.chrome.ChromeDriver.<init>(ChromeDriver.java:107)
      	at script14785729912111826157144$_run_closure1_closure2_closure5.doCall(script14785729912111826157144.groovy:16)
      	at script14785729912111826157144$_run_closure1_closure2_closure5.doCall(script14785729912111826157144.groovy)
      	at geb.driver.CallbackDriverFactory.getDriver(CallbackDriverFactory.groovy:29)
      	at geb.driver.CachingDriverFactory$_getDriver_closure3.doCall(CachingDriverFactory.groovy:80)
      	at geb.driver.CachingDriverFactory$_getDriver_closure3.doCall(CachingDriverFactory.groovy)
      	at geb.driver.CachingDriverFactory$SimpleCache.get(CachingDriverFactory.groovy:30)
      	at geb.driver.CachingDriverFactory.getDriver(CachingDriverFactory.groovy:79)
      	at geb.Configuration.createDriver(Configuration.groovy:354)
      	at geb.Configuration.getDriver(Configuration.groovy:343)
      	at geb.Browser.getDriver(Browser.groovy:105)
      	at geb.Page.getTitle(Page.groovy:224)
      	at geb.Page.getProperty(Page.groovy)
      	at pages.removePage$__clinit__closure1.doCall(removePage.groovy:11)
      	at pages.removePage$__clinit__closure1.doCall(removePage.groovy)
      	at geb.Page.verifyThisPageAtOnly(Page.groovy:165)
      	at geb.Page.verifyAt(Page.groovy:133)
      	at geb.Page$verifyAt$0.call(Unknown Source)
      	at geb.Browser.doAt(Browser.groovy:358)
      	at geb.Browser.this$2$doAt(Browser.groovy)
      	at geb.Browser$this$2$doAt$0.callCurrent(Unknown Source)
      	at geb.Browser.at(Browser.groovy:289)
      	at geb.binding.BindingUpdater$InvocationForwarding.doCall(BindingUpdater.groovy:72)
      	at steps.RemoveResearcher$_run_closure2.doCall(RemoveResearcher.groovy:32)
      	at cucumber.runtime.groovy.GroovyBackend.invoke(GroovyBackend.java:155)
      	at cucumber.runtime.groovy.GroovyStepDefinition$1.call(GroovyStepDefinition.java:71)
      	at cucumber.runtime.Timeout.timeout(Timeout.java:13)
      	at cucumber.runtime.groovy.GroovyStepDefinition.execute(GroovyStepDefinition.java:68)
      	at cucumber.runtime.StepDefinitionMatch.runStep(StepDefinitionMatch.java:37)
      	at cucumber.runtime.Runtime.runStep(Runtime.java:298)
      	at cucumber.runtime.model.StepContainer.runStep(StepContainer.java:44)
      	at cucumber.runtime.model.StepContainer.runSteps(StepContainer.java:39)
      	at cucumber.runtime.model.CucumberScenario.run(CucumberScenario.java:48)
      	at cucumber.runtime.model.CucumberFeature.run(CucumberFeature.java:163)
      	at cucumber.runtime.model.CucumberFeature$run$0.call(Unknown Source)
      	at grails.plugin.cucumber.Cucumber$_run_closure2.doCall(Cucumber.groovy:59)
      	at grails.plugin.cucumber.Cucumber.run(Cucumber.groovy:58)
      	at grails.plugin.cucumber.Cucumber$run$1.call(Unknown Source)
      	at grails.plugin.cucumber.CucumberTestType.runFeatures(CucumberTestType.groovy:148)
      	at grails.plugin.cucumber.CucumberTestType.this$3$runFeatures(CucumberTestType.groovy)
      	at grails.plugin.cucumber.CucumberTestType$this$3$runFeatures$3.callCurrent(Unknown Source)
      	at grails.plugin.cucumber.CucumberTestType.doRun(CucumberTestType.groovy:58)
      	at _GrailsTest$_run_closure1.doCall(_GrailsTest.groovy:102)
      	at org.codehaus.gant.GantMetaClass.invokeMethod(GantMetaClass.java:133)
      	at org.codehaus.gant.GantBinding$_initializeGantBinding_closure5_closure16_closure18.doCall(GantBinding.groovy:185)
      	at org.codehaus.gant.GantBinding$_initializeGantBinding_closure5_closure16_closure18.doCall(GantBinding.groovy)
      	at org.codehaus.gant.GantBinding.withTargetEvent(GantBinding.groovy:90)
      	at org.codehaus.gant.GantBinding.this$4$withTargetEvent(GantBinding.groovy)
      	at org.codehaus.gant.GantBinding$_initializeGantBinding_closure5_closure16.doCall(GantBinding.groovy:185)
      	at org.codehaus.gant.GantBinding$_initializeGantBinding_closure5_closure16.doCall(GantBinding.groovy)
      	at org.codehaus.gant.GantMetaClass.invokeMethod(GantMetaClass.java:133)
      	at TestApp$_run_closure1.doCall(TestApp.groovy:32)
      	at org.codehaus.gant.GantMetaClass.invokeMethod(GantMetaClass.java:133)
      	at org.codehaus.gant.GantBinding$_initializeGantBinding_closure5_closure16_closure18.doCall(GantBinding.groovy:185)
      	at org.codehaus.gant.GantBinding$_initializeGantBinding_closure5_closure16_closure18.doCall(GantBinding.groovy)
      	at org.codehaus.gant.GantBinding.withTargetEvent(GantBinding.groovy:90)
      	at org.codehaus.gant.GantBinding.this$4$withTargetEvent(GantBinding.groovy)
      	at org.codehaus.gant.GantBinding$_initializeGantBinding_closure5_closure16.doCall(GantBinding.groovy:185)
      	at org.codehaus.gant.GantBinding$_initializeGantBinding_closure5_closure16.doCall(GantBinding.groovy)
      	at gant.Gant$_dispatch_closure5.doCall(Gant.groovy:381)
      	at gant.Gant$_dispatch_closure7.doCall(Gant.groovy:415)
      	at gant.Gant$_dispatch_closure7.doCall(Gant.groovy)
      	at gant.Gant.withBuildListeners(Gant.groovy:427)
      	at gant.Gant.this$2$withBuildListeners(Gant.groovy)
      	at gant.Gant$this$2$withBuildListeners$0.callCurrent(Unknown Source)
      	at gant.Gant.dispatch(Gant.groovy:415)
      	at gant.Gant.this$2$dispatch(Gant.groovy)
      	at gant.Gant.invokeMethod(Gant.groovy)
      	at gant.Gant.executeTargets(Gant.groovy:591)
      	at gant.Gant.executeTargets(Gant.groovy:590)
      	at com.intellij.rt.execution.application.AppMain.main(AppMain.java:147)

    And Seleciono para remover                                                                         # RemoveResearcher.groovy:36
    Then Os pesquisadores de CPF "01234567890" e "98765432100" são removidos da lista de pesquisadores # RemoveResearcher.groovy:40

--Output from Tentar remover pesquisador sem selecionar ninguém--
  #CONTROLLER
  Scenario: Remover pesquisador que faz parte de pelo menos um grupo                                   # RemoveResearcher.feature:14
    Given O pesquisador de CPF "12345678900" está cadastrado e pertence apenas aos grupos "CIN" e "CC" # RemoveResearcher.groovy:46
      org.springframework.jdbc.BadSqlGrammarException: Hibernate operation: could not prepare statement; bad SQL grammar [select this_.id as id1_1_0_, this_.version as version2_1_0_, this_.name as name3_1_0_ from group this_ where this_.name=? limit ?]; nested exception is org.h2.jdbc.JdbcSQLException: Syntax error in SQL statement "SELECT THIS_.ID AS ID1_1_0_, THIS_.VERSION AS VERSION2_1_0_, THIS_.NAME AS NAME3_1_0_ FROM GROUP[*] THIS_ WHERE THIS_.NAME=? LIMIT ? "; expected "identifier"; SQL statement:
      select this_.id as id1_1_0_, this_.version as version2_1_0_, this_.name as name3_1_0_ from group this_ where this_.name=? limit ? [42001-176]
      	at org.springframework.jdbc.support.SQLErrorCodeSQLExceptionTranslator.doTranslate(SQLErrorCodeSQLExceptionTranslator.java:231)
      	at org.springframework.jdbc.support.AbstractFallbackSQLExceptionTranslator.translate(AbstractFallbackSQLExceptionTranslator.java:73)
      	at org.grails.datastore.gorm.GormStaticApi.methodMissing(GormStaticApi.groovy:104)
      	at rpa.Group.$static_methodMissing(Group.groovy)
      	at steps.RemoveResearcher$_run_closure5.doCall(RemoveResearcher.groovy:49)
      	at ✽.Given O pesquisador de CPF "12345678900" está cadastrado e pertence apenas aos grupos "CIN" e "CC"(RemoveResearcher.feature:15)
      Caused by: org.h2.jdbc.JdbcSQLException: Syntax error in SQL statement "SELECT THIS_.ID AS ID1_1_0_, THIS_.VERSION AS VERSION2_1_0_, THIS_.NAME AS NAME3_1_0_ FROM GROUP[*] THIS_ WHERE THIS_.NAME=? LIMIT ? "; expected "identifier"; SQL statement:
      select this_.id as id1_1_0_, this_.version as version2_1_0_, this_.name as name3_1_0_ from group this_ where this_.name=? limit ? [42001-176]
      	at org.h2.message.DbException.getJdbcSQLException(DbException.java:344)
      	at org.h2.message.DbException.getSyntaxError(DbException.java:204)
      	at org.h2.command.Parser.readIdentifierWithSchema(Parser.java:3024)
      	at org.h2.command.Parser.readTableFilter(Parser.java:1185)
      	at org.h2.command.Parser.parseSelectSimpleFromPart(Parser.java:1859)
      	at org.h2.command.Parser.parseSelectSimple(Parser.java:1968)
      	at org.h2.command.Parser.parseSelectSub(Parser.java:1853)
      	at org.h2.command.Parser.parseSelectUnion(Parser.java:1674)
      	at org.h2.command.Parser.parseSelect(Parser.java:1662)
      	at org.h2.command.Parser.parsePrepared(Parser.java:434)
      	at org.h2.command.Parser.parse(Parser.java:306)
      	at org.h2.command.Parser.parse(Parser.java:278)
      	at org.h2.command.Parser.prepareCommand(Parser.java:243)
      	at org.h2.engine.Session.prepareLocal(Session.java:442)
      	at org.h2.engine.Session.prepareCommand(Session.java:384)
      	at org.h2.jdbc.JdbcConnection.prepareCommand(JdbcConnection.java:1188)
      	at org.h2.jdbc.JdbcPreparedStatement.<init>(JdbcPreparedStatement.java:73)
      	at org.h2.jdbc.JdbcConnection.prepareStatement(JdbcConnection.java:276)
      	at org.apache.tomcat.jdbc.pool.ProxyConnection.invoke(ProxyConnection.java:126)
      	at org.apache.tomcat.jdbc.pool.JdbcInterceptor.invoke(JdbcInterceptor.java:109)
      	at org.apache.tomcat.jdbc.pool.DisposableConnectionFacade.invoke(DisposableConnectionFacade.java:80)
      	at com.sun.proxy.$Proxy34.prepareStatement(Unknown Source)
      	at org.springframework.jdbc.datasource.LazyConnectionDataSourceProxy$LazyConnectionInvocationHandler.invoke(LazyConnectionDataSourceProxy.java:376)
      	at com.sun.proxy.$Proxy35.prepareStatement(Unknown Source)
      	at org.springframework.jdbc.datasource.TransactionAwareDataSourceProxy$TransactionAwareInvocationHandler.invoke(TransactionAwareDataSourceProxy.java:240)
      	at com.sun.proxy.$Proxy35.prepareStatement(Unknown Source)
      	at org.hibernate.engine.jdbc.internal.StatementPreparerImpl$5.doPrepare(StatementPreparerImpl.java:162)
      	at org.hibernate.engine.jdbc.internal.StatementPreparerImpl$StatementPreparationTemplate.prepareStatement(StatementPreparerImpl.java:186)
      	at org.hibernate.engine.jdbc.internal.StatementPreparerImpl.prepareQueryStatement(StatementPreparerImpl.java:160)
      	at org.hibernate.loader.Loader.prepareQueryStatement(Loader.java:1884)
      	at org.hibernate.loader.Loader.executeQueryStatement(Loader.java:1861)
      	at org.hibernate.loader.Loader.executeQueryStatement(Loader.java:1838)
      	at org.hibernate.loader.Loader.doQuery(Loader.java:909)
      	at org.hibernate.loader.Loader.doQueryAndInitializeNonLazyCollections(Loader.java:354)
      	at org.hibernate.loader.Loader.doList(Loader.java:2553)
      	at org.hibernate.loader.Loader.doList(Loader.java:2539)
      	at org.hibernate.loader.Loader.listIgnoreQueryCache(Loader.java:2369)
      	at org.hibernate.loader.Loader.list(Loader.java:2364)
      	at org.hibernate.loader.criteria.CriteriaLoader.list(CriteriaLoader.java:126)
      	at org.hibernate.internal.SessionImpl.list(SessionImpl.java:1682)
      	at org.hibernate.internal.CriteriaImpl.list(CriteriaImpl.java:380)
      	at org.grails.datastore.gorm.GormStaticApi.methodMissing(GormStaticApi.groovy:104)
      	at rpa.Group.$static_methodMissing(Group.groovy)
      	at steps.RemoveResearcher$_run_closure5.doCall(RemoveResearcher.groovy:49)
      	at cucumber.runtime.groovy.GroovyBackend.invoke(GroovyBackend.java:155)
      	at cucumber.runtime.groovy.GroovyStepDefinition$1.call(GroovyStepDefinition.java:71)
      	at cucumber.runtime.Timeout.timeout(Timeout.java:13)
      	at cucumber.runtime.groovy.GroovyStepDefinition.execute(GroovyStepDefinition.java:68)
      	at cucumber.runtime.StepDefinitionMatch.runStep(StepDefinitionMatch.java:37)
      	at cucumber.runtime.Runtime.runStep(Runtime.java:298)
      	at cucumber.runtime.model.StepContainer.runStep(StepContainer.java:44)
      	at cucumber.runtime.model.StepContainer.runSteps(StepContainer.java:39)
      	at cucumber.runtime.model.CucumberScenario.run(CucumberScenario.java:48)
      	at cucumber.runtime.model.CucumberFeature.run(CucumberFeature.java:163)
      	at cucumber.runtime.model.CucumberFeature$run$0.call(Unknown Source)
      	at grails.plugin.cucumber.Cucumber$_run_closure2.doCall(Cucumber.groovy:59)
      	at grails.plugin.cucumber.Cucumber.run(Cucumber.groovy:58)
      	at grails.plugin.cucumber.Cucumber$run$1.call(Unknown Source)
      	at grails.plugin.cucumber.CucumberTestType.runFeatures(CucumberTestType.groovy:148)
      	at grails.plugin.cucumber.CucumberTestType.this$3$runFeatures(CucumberTestType.groovy)
      	at grails.plugin.cucumber.CucumberTestType$this$3$runFeatures$3.callCurrent(Unknown Source)
      	at grails.plugin.cucumber.CucumberTestType.doRun(CucumberTestType.groovy:58)
      	at _GrailsTest$_run_closure1.doCall(_GrailsTest.groovy:102)
      	at org.codehaus.gant.GantMetaClass.invokeMethod(GantMetaClass.java:133)
      	at org.codehaus.gant.GantBinding$_initializeGantBinding_closure5_closure16_closure18.doCall(GantBinding.groovy:185)
      	at org.codehaus.gant.GantBinding$_initializeGantBinding_closure5_closure16_closure18.doCall(GantBinding.groovy)
      	at org.codehaus.gant.GantBinding.withTargetEvent(GantBinding.groovy:90)
      	at org.codehaus.gant.GantBinding.this$4$withTargetEvent(GantBinding.groovy)
      	at org.codehaus.gant.GantBinding$_initializeGantBinding_closure5_closure16.doCall(GantBinding.groovy:185)
      	at org.codehaus.gant.GantBinding$_initializeGantBinding_closure5_closure16.doCall(GantBinding.groovy)
      	at org.codehaus.gant.GantMetaClass.invokeMethod(GantMetaClass.java:133)
      	at TestApp$_run_closure1.doCall(TestApp.groovy:32)
      	at org.codehaus.gant.GantMetaClass.invokeMethod(GantMetaClass.java:133)
      	at org.codehaus.gant.GantBinding$_initializeGantBinding_closure5_closure16_closure18.doCall(GantBinding.groovy:185)
      	at org.codehaus.gant.GantBinding$_initializeGantBinding_closure5_closure16_closure18.doCall(GantBinding.groovy)
      	at org.codehaus.gant.GantBinding.withTargetEvent(GantBinding.groovy:90)
      	at org.codehaus.gant.GantBinding.this$4$withTargetEvent(GantBinding.groovy)
      	at org.codehaus.gant.GantBinding$_initializeGantBinding_closure5_closure16.doCall(GantBinding.groovy:185)
      	at org.codehaus.gant.GantBinding$_initializeGantBinding_closure5_closure16.doCall(GantBinding.groovy)
      	at gant.Gant$_dispatch_closure5.doCall(Gant.groovy:381)
      	at gant.Gant$_dispatch_closure7.doCall(Gant.groovy:415)
      	at gant.Gant$_dispatch_closure7.doCall(Gant.groovy)
      	at gant.Gant.withBuildListeners(Gant.groovy:427)
      	at gant.Gant.this$2$withBuildListeners(Gant.groovy)
      	at gant.Gant$this$2$withBuildListeners$0.callCurrent(Unknown Source)
      	at gant.Gant.dispatch(Gant.groovy:415)
      	at gant.Gant.this$2$dispatch(Gant.groovy)
      	at gant.Gant.invokeMethod(Gant.groovy)
      	at gant.Gant.executeTargets(Gant.groovy:591)
      	at gant.Gant.executeTargets(Gant.groovy:590)
      	at com.intellij.rt.execution.application.AppMain.main(AppMain.java:147)

    When Eu marco o CPF "12345678900" e seleciono a opção de remover                                   # RemoveResearcher.groovy:66
    Then A remoção é concluída e o CPF "12345678900" também é removido do grupo "CIN" e do grupo "CC". # RemoveResearcher.groovy:70

--Output from Tentar remover pesquisador informando um CPF inválido--
  #GUI
  Scenario: Tentar remover pesquisador sem selecionar ninguém                                                                               # RemoveResearcher.feature:20
    Given Estou na tela de remoção de pesquisador                                                                                           # RemoveResearcher.groovy:90
      geb.driver.DriverCreationException: failed to create driver from callback 'script14785729928481826157144$_run_closure1_closure2_closure5@7a3a34b7'
      	at geb.driver.CallbackDriverFactory.getDriver(CallbackDriverFactory.groovy:35)
      	at geb.driver.CachingDriverFactory$_getDriver_closure3.doCall(CachingDriverFactory.groovy:80)
      	at geb.driver.CachingDriverFactory$_getDriver_closure3.doCall(CachingDriverFactory.groovy)
      	at geb.driver.CachingDriverFactory$SimpleCache.get(CachingDriverFactory.groovy:30)
      	at geb.driver.CachingDriverFactory.getDriver(CachingDriverFactory.groovy:79)
      	at geb.Configuration.createDriver(Configuration.groovy:354)
      	at geb.Configuration.getDriver(Configuration.groovy:343)
      	at geb.Browser.getDriver(Browser.groovy:105)
      	at geb.Browser.go(Browser.groovy:394)
      	at geb.Browser$go$5.call(Unknown Source)
      	at geb.Page.to(Page.groovy:184)
      	at geb.Browser.via(Browser.groovy:475)
      	at geb.Browser$via$4.callCurrent(Unknown Source)
      	at geb.Browser.to(Browser.groovy:434)
      	at geb.Browser$to$3.callCurrent(Unknown Source)
      	at geb.Browser.to(Browser.groovy:412)
      	at geb.binding.BindingUpdater$InvocationForwarding.doCall(BindingUpdater.groovy:72)
      	at steps.RemoveResearcher$_run_closure8.doCall(RemoveResearcher.groovy:91)
      	at ✽.Given Estou na tela de remoção de pesquisador(RemoveResearcher.feature:21)
      Caused by: java.lang.IllegalStateException: The driver is not executable: /Users/ajgan/IdeaProjects/RPA/chromedrivers/mac/.DS_Store
      	at com.google.common.base.Preconditions.checkState(Preconditions.java:177)
      	at org.openqa.selenium.remote.service.DriverService.checkExecutable(DriverService.java:121)
      	at org.openqa.selenium.remote.service.DriverService.findExecutable(DriverService.java:112)
      	at org.openqa.selenium.chrome.ChromeDriverService.createDefaultService(ChromeDriverService.java:75)
      	at org.openqa.selenium.chrome.ChromeDriver.<init>(ChromeDriver.java:107)
      	at script14785729928481826157144$_run_closure1_closure2_closure5.doCall(script14785729928481826157144.groovy:16)
      	at script14785729928481826157144$_run_closure1_closure2_closure5.doCall(script14785729928481826157144.groovy)
      	at geb.driver.CallbackDriverFactory.getDriver(CallbackDriverFactory.groovy:29)
      	at geb.driver.CachingDriverFactory$_getDriver_closure3.doCall(CachingDriverFactory.groovy:80)
      	at geb.driver.CachingDriverFactory$_getDriver_closure3.doCall(CachingDriverFactory.groovy)
      	at geb.driver.CachingDriverFactory$SimpleCache.get(CachingDriverFactory.groovy:30)
      	at geb.driver.CachingDriverFactory.getDriver(CachingDriverFactory.groovy:79)
      	at geb.Configuration.createDriver(Configuration.groovy:354)
      	at geb.Configuration.getDriver(Configuration.groovy:343)
      	at geb.Browser.getDriver(Browser.groovy:105)
      	at geb.Browser.go(Browser.groovy:394)
      	at geb.Browser$go$5.call(Unknown Source)
      	at geb.Page.to(Page.groovy:184)
      	at geb.Browser.via(Browser.groovy:475)
      	at geb.Browser$via$4.callCurrent(Unknown Source)
      	at geb.Browser.to(Browser.groovy:434)
      	at geb.Browser$to$3.callCurrent(Unknown Source)
      	at geb.Browser.to(Browser.groovy:412)
      	at geb.binding.BindingUpdater$InvocationForwarding.doCall(BindingUpdater.groovy:72)
      	at steps.RemoveResearcher$_run_closure8.doCall(RemoveResearcher.groovy:91)
      	at cucumber.runtime.groovy.GroovyBackend.invoke(GroovyBackend.java:155)
      	at cucumber.runtime.groovy.GroovyStepDefinition$1.call(GroovyStepDefinition.java:71)
      	at cucumber.runtime.Timeout.timeout(Timeout.java:13)
      	at cucumber.runtime.groovy.GroovyStepDefinition.execute(GroovyStepDefinition.java:68)
      	at cucumber.runtime.StepDefinitionMatch.runStep(StepDefinitionMatch.java:37)
      	at cucumber.runtime.Runtime.runStep(Runtime.java:298)
      	at cucumber.runtime.model.StepContainer.runStep(StepContainer.java:44)
      	at cucumber.runtime.model.StepContainer.runSteps(StepContainer.java:39)
      	at cucumber.runtime.model.CucumberScenario.run(CucumberScenario.java:48)
      	at cucumber.runtime.model.CucumberFeature.run(CucumberFeature.java:163)
      	at cucumber.runtime.model.CucumberFeature$run$0.call(Unknown Source)
      	at grails.plugin.cucumber.Cucumber$_run_closure2.doCall(Cucumber.groovy:59)
      	at grails.plugin.cucumber.Cucumber.run(Cucumber.groovy:58)
      	at grails.plugin.cucumber.Cucumber$run$1.call(Unknown Source)
      	at grails.plugin.cucumber.CucumberTestType.runFeatures(CucumberTestType.groovy:148)
      	at grails.plugin.cucumber.CucumberTestType.this$3$runFeatures(CucumberTestType.groovy)
      	at grails.plugin.cucumber.CucumberTestType$this$3$runFeatures$3.callCurrent(Unknown Source)
      	at grails.plugin.cucumber.CucumberTestType.doRun(CucumberTestType.groovy:58)
      	at _GrailsTest$_run_closure1.doCall(_GrailsTest.groovy:102)
      	at org.codehaus.gant.GantMetaClass.invokeMethod(GantMetaClass.java:133)
      	at org.codehaus.gant.GantBinding$_initializeGantBinding_closure5_closure16_closure18.doCall(GantBinding.groovy:185)
      	at org.codehaus.gant.GantBinding$_initializeGantBinding_closure5_closure16_closure18.doCall(GantBinding.groovy)
      	at org.codehaus.gant.GantBinding.withTargetEvent(GantBinding.groovy:90)
      	at org.codehaus.gant.GantBinding.this$4$withTargetEvent(GantBinding.groovy)
      	at org.codehaus.gant.GantBinding$_initializeGantBinding_closure5_closure16.doCall(GantBinding.groovy:185)
      	at org.codehaus.gant.GantBinding$_initializeGantBinding_closure5_closure16.doCall(GantBinding.groovy)
      	at org.codehaus.gant.GantMetaClass.invokeMethod(GantMetaClass.java:133)
      	at TestApp$_run_closure1.doCall(TestApp.groovy:32)
      	at org.codehaus.gant.GantMetaClass.invokeMethod(GantMetaClass.java:133)
      	at org.codehaus.gant.GantBinding$_initializeGantBinding_closure5_closure16_closure18.doCall(GantBinding.groovy:185)
      	at org.codehaus.gant.GantBinding$_initializeGantBinding_closure5_closure16_closure18.doCall(GantBinding.groovy)
      	at org.codehaus.gant.GantBinding.withTargetEvent(GantBinding.groovy:90)
      	at org.codehaus.gant.GantBinding.this$4$withTargetEvent(GantBinding.groovy)
      	at org.codehaus.gant.GantBinding$_initializeGantBinding_closure5_closure16.doCall(GantBinding.groovy:185)
      	at org.codehaus.gant.GantBinding$_initializeGantBinding_closure5_closure16.doCall(GantBinding.groovy)
      	at gant.Gant$_dispatch_closure5.doCall(Gant.groovy:381)
      	at gant.Gant$_dispatch_closure7.doCall(Gant.groovy:415)
      	at gant.Gant$_dispatch_closure7.doCall(Gant.groovy)
      	at gant.Gant.withBuildListeners(Gant.groovy:427)
      	at gant.Gant.this$2$withBuildListeners(Gant.groovy)
      	at gant.Gant$this$2$withBuildListeners$0.callCurrent(Unknown Source)
      	at gant.Gant.dispatch(Gant.groovy:415)
      	at gant.Gant.this$2$dispatch(Gant.groovy)
      	at gant.Gant.invokeMethod(Gant.groovy)
      	at gant.Gant.executeTargets(Gant.groovy:591)
      	at gant.Gant.executeTargets(Gant.groovy:590)
      	at com.intellij.rt.execution.application.AppMain.main(AppMain.java:147)

    And Eu não selecionei nenhum pesquisador da lista                                                                                       # RemoveResearcher.groovy:94
    When Eu seleciono a opção de remover                                                                                                    # RemoveResearcher.groovy:97
    Then A remoção é rejeitada e uma mensagem é exibida dizendo que eu preciso escolher pelo menos um pesquisador para poder remover alguém # RemoveResearcher.groovy:101

  #GUI
  Scenario: Tentar remover pesquisador informando um CPF inválido                                                                                   # RemoveResearcher.feature:27
    Given Estou na tela de remoção de pesquisador                                                                                                   # RemoveResearcher.groovy:90
      geb.driver.DriverCreationException: failed to create driver from callback 'script14785729930681826157144$_run_closure1_closure2_closure5@4b58c33d'
      	at geb.driver.CallbackDriverFactory.getDriver(CallbackDriverFactory.groovy:35)
      	at geb.driver.CachingDriverFactory$_getDriver_closure3.doCall(CachingDriverFactory.groovy:80)
      	at geb.driver.CachingDriverFactory$_getDriver_closure3.doCall(CachingDriverFactory.groovy)
      	at geb.driver.CachingDriverFactory$SimpleCache.get(CachingDriverFactory.groovy:30)
      	at geb.driver.CachingDriverFactory.getDriver(CachingDriverFactory.groovy:79)
      	at geb.Configuration.createDriver(Configuration.groovy:354)
      	at geb.Configuration.getDriver(Configuration.groovy:343)
      	at geb.Browser.getDriver(Browser.groovy:105)
      	at geb.Browser.go(Browser.groovy:394)
      	at geb.Browser$go$5.call(Unknown Source)
      	at geb.Page.to(Page.groovy:184)
      	at geb.Browser.via(Browser.groovy:475)
      	at geb.Browser$via$4.callCurrent(Unknown Source)
      	at geb.Browser.to(Browser.groovy:434)
      	at geb.Browser$to$3.callCurrent(Unknown Source)
      	at geb.Browser.to(Browser.groovy:412)
      	at geb.binding.BindingUpdater$InvocationForwarding.doCall(BindingUpdater.groovy:72)
      	at steps.RemoveResearcher$_run_closure8.doCall(RemoveResearcher.groovy:91)
      	at ✽.Given Estou na tela de remoção de pesquisador(RemoveResearcher.feature:28)
      Caused by: java.lang.IllegalStateException: The driver is not executable: /Users/ajgan/IdeaProjects/RPA/chromedrivers/mac/.DS_Store
      	at com.google.common.base.Preconditions.checkState(Preconditions.java:177)
      	at org.openqa.selenium.remote.service.DriverService.checkExecutable(DriverService.java:121)
      	at org.openqa.selenium.remote.service.DriverService.findExecutable(DriverService.java:112)
      	at org.openqa.selenium.chrome.ChromeDriverService.createDefaultService(ChromeDriverService.java:75)
      	at org.openqa.selenium.chrome.ChromeDriver.<init>(ChromeDriver.java:107)
      	at script14785729930681826157144$_run_closure1_closure2_closure5.doCall(script14785729930681826157144.groovy:16)
      	at script14785729930681826157144$_run_closure1_closure2_closure5.doCall(script14785729930681826157144.groovy)
      	at geb.driver.CallbackDriverFactory.getDriver(CallbackDriverFactory.groovy:29)
      	at geb.driver.CachingDriverFactory$_getDriver_closure3.doCall(CachingDriverFactory.groovy:80)
      	at geb.driver.CachingDriverFactory$_getDriver_closure3.doCall(CachingDriverFactory.groovy)
      	at geb.driver.CachingDriverFactory$SimpleCache.get(CachingDriverFactory.groovy:30)
      	at geb.driver.CachingDriverFactory.getDriver(CachingDriverFactory.groovy:79)
      	at geb.Configuration.createDriver(Configuration.groovy:354)
      	at geb.Configuration.getDriver(Configuration.groovy:343)
      	at geb.Browser.getDriver(Browser.groovy:105)
      	at geb.Browser.go(Browser.groovy:394)
      	at geb.Browser$go$5.call(Unknown Source)
      	at geb.Page.to(Page.groovy:184)
      	at geb.Browser.via(Browser.groovy:475)
      	at geb.Browser$via$4.callCurrent(Unknown Source)
      	at geb.Browser.to(Browser.groovy:434)
      	at geb.Browser$to$3.callCurrent(Unknown Source)
      	at geb.Browser.to(Browser.groovy:412)
      	at geb.binding.BindingUpdater$InvocationForwarding.doCall(BindingUpdater.groovy:72)
      	at steps.RemoveResearcher$_run_closure8.doCall(RemoveResearcher.groovy:91)
      	at cucumber.runtime.groovy.GroovyBackend.invoke(GroovyBackend.java:155)
      	at cucumber.runtime.groovy.GroovyStepDefinition$1.call(GroovyStepDefinition.java:71)
      	at cucumber.runtime.Timeout.timeout(Timeout.java:13)
      	at cucumber.runtime.groovy.GroovyStepDefinition.execute(GroovyStepDefinition.java:68)
      	at cucumber.runtime.StepDefinitionMatch.runStep(StepDefinitionMatch.java:37)
      	at cucumber.runtime.Runtime.runStep(Runtime.java:298)
      	at cucumber.runtime.model.StepContainer.runStep(StepContainer.java:44)
      	at cucumber.runtime.model.StepContainer.runSteps(StepContainer.java:39)
      	at cucumber.runtime.model.CucumberScenario.run(CucumberScenario.java:48)
      	at cucumber.runtime.model.CucumberFeature.run(CucumberFeature.java:163)
      	at cucumber.runtime.model.CucumberFeature$run$0.call(Unknown Source)
      	at grails.plugin.cucumber.Cucumber$_run_closure2.doCall(Cucumber.groovy:59)
      	at grails.plugin.cucumber.Cucumber.run(Cucumber.groovy:58)
      	at grails.plugin.cucumber.Cucumber$run$1.call(Unknown Source)
      	at grails.plugin.cucumber.CucumberTestType.runFeatures(CucumberTestType.groovy:148)
      	at grails.plugin.cucumber.CucumberTestType.this$3$runFeatures(CucumberTestType.groovy)
      	at grails.plugin.cucumber.CucumberTestType$this$3$runFeatures$3.callCurrent(Unknown Source)
      	at grails.plugin.cucumber.CucumberTestType.doRun(CucumberTestType.groovy:58)
      	at _GrailsTest$_run_closure1.doCall(_GrailsTest.groovy:102)
      	at org.codehaus.gant.GantMetaClass.invokeMethod(GantMetaClass.java:133)
      	at org.codehaus.gant.GantBinding$_initializeGantBinding_closure5_closure16_closure18.doCall(GantBinding.groovy:185)
      	at org.codehaus.gant.GantBinding$_initializeGantBinding_closure5_closure16_closure18.doCall(GantBinding.groovy)
      	at org.codehaus.gant.GantBinding.withTargetEvent(GantBinding.groovy:90)
      	at org.codehaus.gant.GantBinding.this$4$withTargetEvent(GantBinding.groovy)
      	at org.codehaus.gant.GantBinding$_initializeGantBinding_closure5_closure16.doCall(GantBinding.groovy:185)
      	at org.codehaus.gant.GantBinding$_initializeGantBinding_closure5_closure16.doCall(GantBinding.groovy)
      	at org.codehaus.gant.GantMetaClass.invokeMethod(GantMetaClass.java:133)
      	at TestApp$_run_closure1.doCall(TestApp.groovy:32)
      	at org.codehaus.gant.GantMetaClass.invokeMethod(GantMetaClass.java:133)
      	at org.codehaus.gant.GantBinding$_initializeGantBinding_closure5_closure16_closure18.doCall(GantBinding.groovy:185)
      	at org.codehaus.gant.GantBinding$_initializeGantBinding_closure5_closure16_closure18.doCall(GantBinding.groovy)
      	at org.codehaus.gant.GantBinding.withTargetEvent(GantBinding.groovy:90)
      	at org.codehaus.gant.GantBinding.this$4$withTargetEvent(GantBinding.groovy)
      	at org.codehaus.gant.GantBinding$_initializeGantBinding_closure5_closure16.doCall(GantBinding.groovy:185)
      	at org.codehaus.gant.GantBinding$_initializeGantBinding_closure5_closure16.doCall(GantBinding.groovy)
      	at gant.Gant$_dispatch_closure5.doCall(Gant.groovy:381)
      	at gant.Gant$_dispatch_closure7.doCall(Gant.groovy:415)
      	at gant.Gant$_dispatch_closure7.doCall(Gant.groovy)
      	at gant.Gant.withBuildListeners(Gant.groovy:427)
      	at gant.Gant.this$2$withBuildListeners(Gant.groovy)
      	at gant.Gant$this$2$withBuildListeners$0.callCurrent(Unknown Source)
      	at gant.Gant.dispatch(Gant.groovy:415)
      	at gant.Gant.this$2$dispatch(Gant.groovy)
      	at gant.Gant.invokeMethod(Gant.groovy)
      	at gant.Gant.executeTargets(Gant.groovy:591)
      	at gant.Gant.executeTargets(Gant.groovy:590)
      	at com.intellij.rt.execution.application.AppMain.main(AppMain.java:147)

    And Eu informei no campo de busca o CPF "something"                                                                                             # RemoveResearcher.groovy:106
    When Eu seleciono a opção de remover                                                                                                            # RemoveResearcher.groovy:97
    Then A busca retorna null para o CPF "something" e uma mensagem é exibida dizendo que o pesquisador que eu pretendo remover não foi encontrado. # RemoveResearcher.groovy:110
]]></system-out>
  <system-err><![CDATA[
--Output from Remover vários pesquisadores--
--Output from Remover pesquisador que faz parte de pelo menos um grupo--
--Output from Tentar remover pesquisador sem selecionar ninguém--
--Output from Tentar remover pesquisador informando um CPF inválido--]]></system-err>
</testsuite>
