<?xml version="1.0" encoding="UTF-8" ?>
<testsuite errors="0" failures="0" hostname="Valhalla" name="Desenvolver cenarios de criacao de grupos de pesquisadores atraves da selecao de pesquisadores e ou outros grupos" tests="2" time="20.923" timestamp="2016-11-21T04:14:45">
  <properties />
  <testcase classname="grails.plugin.cucumber.CucumberTest" name="Criar grupo de pesquisa novo" time="0.937" />
  <testcase classname="grails.plugin.cucumber.CucumberTest" name="Criar grupo de pesquisa a partir de pesquisadores em outros grupos" time="19.496" />
  <system-out><![CDATA[Feature: Desenvolver cenarios de criacao de grupos de pesquisadores atraves da selecao de pesquisadores e ou outros grupos

--Output from Criar grupo de pesquisa novo--
--Output from Criar grupo de pesquisa a partir de pesquisadores em outros grupos--
  Scenario: Criar grupo de pesquisa novo                                                                                                                                                       # support/groups.feature:3
    Given O sistema nao contem o grupo "CIn" cadastrado no seu database                                                                                                                        # GroupsSteps.groovy:18
    And O grupo "InteligenciaArtificialCIn" contem "TeresaLudermir" e "PauloAdeodato"                                                                                                          # GroupsSteps.groovy:22
    When O sistema recebe uma submissao para adicionar o grupo "CIn" com uma lista de  participantes contendo "PauloBorba", "FernandoCastor" e o grupo de pesquisa "InteligenciaArtificialCIn" # GroupsSteps.groovy:33
    Then O sistema cria o grupo "CIn", com "PauloBorba", "FernandoCastor", "TeresaLudermir" e "PauloAdeodato" nele, no seu database                                                            # GroupsSteps.groovy:45

  Scenario: Criar grupo de pesquisa a partir de pesquisadores em outros grupos                                                            # support/groups.feature:9
    Given Eu estou na pagina de Criacao de Grupos                                                                                         # GroupsSteps.groovy:53
    And O pesquisador "VeronicaTeichrieb" com o cpf "51111111111" pertence ao grupo "RealidadeAumentada"                                  # GroupsSteps.groovy:59
    And O pesquisador "FernandoCastor" com o cpf "51111111112" pertence ao grupo "EngenhariaDeSoftware"                                   # GroupsSteps.groovy:59
    And O pesquisador "PauloSoares" com o cpf "51111111113" pertence ao grupo "BiologiaComputacional"                                     # GroupsSteps.groovy:59
    And Eu vejo os pesquisadores "VeronicaTeichrieb", "FernandoCastor" e "PauloSoares"                                                    # GroupsSteps.groovy:71
    When Eu seleciono a opcao de criar para o grupo "CInUFPE" com os pesquisadores  "VeronicaTeichrieb", "FernandoCastor" e "PauloSoares" # GroupsSteps.groovy:82
    Then Eu vejo que o grupo "CInUFPE" foi criado com os pesquisadores "VeronicaTeichrieb", "FernandoCastor" e "PauloSoares"              # GroupsSteps.groovy:92
]]></system-out>
  <system-err><![CDATA[
--Output from Criar grupo de pesquisa novo--
--Output from Criar grupo de pesquisa a partir de pesquisadores em outros grupos--]]></system-err>
</testsuite>
