<?xml version="1.0" encoding="UTF-8" ?>
<testsuite errors="0" failures="0" hostname="Valhalla" name="Desenvolver cenarios de criacao de grupos de pesquisadores atraves da selecao de pesquisadores e ou outros grupos" tests="2" time="12.56" timestamp="2016-11-21T02:08:00">
  <properties />
  <testcase classname="grails.plugin.cucumber.CucumberTest" name="Criar grupo de pesquisa novo" time="1.046" />
  <testcase classname="grails.plugin.cucumber.CucumberTest" name="Criar grupo de pesquisa a partir de grupos de pesquisa" time="10.866" />
  <system-out><![CDATA[Feature: Desenvolver cenarios de criacao de grupos de pesquisadores atraves da selecao de pesquisadores e ou outros grupos

--Output from Criar grupo de pesquisa novo--
--Output from Criar grupo de pesquisa a partir de grupos de pesquisa--
  Scenario: Criar grupo de pesquisa novo                                                                                                                                                       # support/groups.feature:3
    Given O sistema nao contem o grupo "CIn" cadastrado no seu database                                                                                                                        # GroupsSteps.groovy:16
    And O grupo "InteligenciaArtificialCIn" contem "TeresaLudermir" e "PauloAdeodato"                                                                                                          # GroupsSteps.groovy:20
    When O sistema recebe uma submissao para adicionar o grupo "CIn" com uma lista de  participantes contendo "PauloBorba", "FernandoCastor" e o grupo de pesquisa "InteligenciaArtificialCIn" # GroupsSteps.groovy:31
    Then O sistema cria o grupo "CIn", com "PauloBorba", "FernandoCastor", "TeresaLudermir" e "PauloAdeodato" nele, no seu database                                                            # GroupsSteps.groovy:43

  Scenario: Criar grupo de pesquisa a partir de grupos de pesquisa                                                                              # support/groups.feature:9
    Given Eu estou na pagina de Criacao de Grupos                                                                                               # GroupsSteps.groovy:51
    And Eu vejo os grupos "RealidadeAumentada", "EngenhariaDeSoftware" e "BiologiaComputacional"                                                # GroupsSteps.groovy:56
    And O pesquisador "VeronicaTeichrieb" pertence ao grupo "RealidadeAumentada"                                                                # GroupsSteps.groovy:60
    And O pesquisador "FernandoCastor" pertence ao grupo "EngenhariaDeSoftware"                                                                 # GroupsSteps.groovy:60
    And O pesquisador "PauloSoares" pertence ao grupo "BiologiaComputacional"                                                                   # GroupsSteps.groovy:60
    When Eu seleciono a opcao de criar para o grupo "CIn" com os grupos  "RealidadeAumentada", "EngenhariaDeSoftware" e "BiologiaComputacional" # GroupsSteps.groovy:64
    Then Eu vejo que o grupo "CIn" foi criado com os pesquisadores "VeronicaTeichrieb", "FernandoCastor" e "PauloSoares"                        # GroupsSteps.groovy:68
]]></system-out>
  <system-err><![CDATA[
--Output from Criar grupo de pesquisa novo--
--Output from Criar grupo de pesquisa a partir de grupos de pesquisa--]]></system-err>
</testsuite>
